Arguments: 
  /Users/rembrandtsx/.nvm/versions/node/v6.9.0/bin/node /usr/local/lib/node_modules/ghost-cli/node_modules/.bin/yarn info ghost versions --json

PATH: 
  /usr/local/lib/node_modules/ghost-cli/lib/utils/node_modules/.bin:/usr/local/lib/node_modules/ghost-cli/lib/node_modules/.bin:/usr/local/lib/node_modules/ghost-cli/node_modules/.bin:/usr/local/lib/node_modules/node_modules/.bin:/usr/local/lib/node_modules/.bin:/usr/local/node_modules/.bin:/usr/node_modules/.bin:/node_modules/.bin:/Users/rembrandtsx/.nvm/versions/node/v6.9.0/bin:/Users/rembrandtsx/.nvm/versions/node/v6.9.0/bin:/usr/local/bin:/usr/bin:/bin:/usr/sbin:/sbin

Yarn version: 
  1.6.0

Node version: 
  6.9.0

Platform: 
  darwin x64

Trace: 
  Error: certificate is not yet valid
      at Error (native)
      at TLSSocket.<anonymous> (_tls_wrap.js:1062:38)
      at emitNone (events.js:86:13)
      at TLSSocket.emit (events.js:185:7)
      at TLSSocket._finishInit (_tls_wrap.js:586:8)
      at TLSWrap.ssl.onhandshakedone (_tls_wrap.js:416:38)

npm manifest: 
  No manifest

yarn manifest: 
  No manifest

Lockfile: 
  No lockfile
